
=== Run: Graph Info ===
Graph size: 400
Seed: 42
Run mode: benchmark
Graph model: sparse
Target avg degree: 16.0
Actual avg degree: 16.0
Undirected edges: 3200
Directed edges: 6400

=== Run: Timings ===
Generation time: 0.00440598
Naive time: 0.0
Brandes time: 0.394927
Parallel Brandes time: 0.06371
Partitioned Brandes time: 5.32931
Partitioned Parallel Brandes time: 1.34989
Partitioned Parallel forward BFS time: 0.841309
Partitioned Parallel backward time: 0.335814
Partitioned Parallel message time: 0.419595
Partitioned Parallel gather time: 3.19481e-05
Partitioned parts: 8
Partitioned forward BFS time: 0.77949
Partitioned backward time: 2.13744
Partitioned message time: 2.88369
Partitioned gather time: 0.000123024

=== Run: Totals ===
Naive total: 0.00440598
Brandes total: 0.399333
Parallel Brandes total: 0.0681159
Partitioned Brandes total: 5.33372
Partitioned Parallel Brandes total: 1.3543

=== Run: Correctness ===
Correctness check seq: PASS
Correctness check par: PASS
Correctness check partitioned: PASS
Correctness check partitioned parallel: PASS

=== Run: Partitioned Message Stats ===
RELAX messages sent: 2224800
DEPENDENCY messages sent: 587918
Cut-edge traversals: 2812718
BFS levels processed: 1669
Backward levels processed: 1269

=== Run: Partitioned Parallel Message Stats ===
RELAX messages sent: 2224800
DEPENDENCY messages sent: 587918
Cut-edge traversals: 2224800
BFS levels processed: 1669
Backward levels processed: 1269
